<?xml version="1.0" encoding="utf-8"?><testsuites name="pytest tests"><testsuite name="pytest" errors="0" failures="0" skipped="0" tests="5" time="1.614" timestamp="2026-07-17T05:35:48.749808+00:00" hostname="agent-env-caf98784-e109-4693-814c-85141a4ad5c3"><testcase classname="backend.tests.test_inspection_renew" name="test_renew_archives_history_and_updates_dates" time="0.771" /><testcase classname="backend.tests.test_inspection_renew" name="test_get_returns_persisted_history" time="0.139" /><testcase classname="backend.tests.test_inspection_renew" name="test_second_renew_appends_history" time="0.129" /><testcase classname="backend.tests.test_inspection_renew" name="test_update_does_not_wipe_history" time="0.199" /><testcase classname="backend.tests.test_inspection_renew" name="test_renew_nonexistent_returns_404" time="0.319" /></testsuite></testsuites>