<?xml version="1.0" encoding="utf-8"?><testsuites name="pytest tests"><testsuite name="pytest" errors="0" failures="0" skipped="0" tests="6" time="1.504" timestamp="2026-07-24T05:58:33.099408+00:00" hostname="agent-env-caf98784-e109-4693-814c-85141a4ad5c3"><testcase classname="backend.tests.test_annual_calendar_and_planning.TestPlanningPDF" name="test_pdf_planning_not_empty" time="0.528" /><testcase classname="backend.tests.test_annual_calendar_and_planning.TestCalendarRulesCRUD" name="test_list_seeds_defaults" time="0.092" /><testcase classname="backend.tests.test_annual_calendar_and_planning.TestCalendarRulesCRUD" name="test_create_update_delete_rule" time="0.269" /><testcase classname="backend.tests.test_annual_calendar_and_planning.TestCalendarRulesCRUD" name="test_validation_errors" time="0.170" /><testcase classname="backend.tests.test_annual_calendar_and_planning.TestCalendarRulesCRUD" name="test_reset_defaults_restores_7" time="0.089" /><testcase classname="backend.tests.test_annual_calendar_and_planning.TestApplyAnnualCalendar" name="test_dry_run_uses_db_rules" time="0.308" /></testsuite></testsuites>