<?xml version="1.0" encoding="utf-8"?><testsuites name="pytest tests"><testsuite name="pytest" errors="0" failures="0" skipped="0" tests="12" time="1.357" timestamp="2026-07-14T08:31:59.890465+00:00" hostname="agent-env-caf98784-e109-4693-814c-85141a4ad5c3"><testcase classname="backend.tests.test_iteration7.TestInspectionPdf" name="test_upload_pdf_ok" time="0.698" /><testcase classname="backend.tests.test_iteration7.TestInspectionPdf" name="test_inspection_get_contains_doc" time="0.056" /><testcase classname="backend.tests.test_iteration7.TestInspectionPdf" name="test_pdf_served" time="0.089" /><testcase classname="backend.tests.test_iteration7.TestInspectionPdf" name="test_reject_non_pdf" time="0.058" /><testcase classname="backend.tests.test_iteration7.TestInspectionPdf" name="test_delete_pdf" time="0.112" /><testcase classname="backend.tests.test_iteration7.TestChambres" name="test_chambre_exists[Chambre Chronique]" time="0.057" /><testcase classname="backend.tests.test_iteration7.TestChambres" name="test_chambre_exists[Chambre SAS]" time="0.000" /><testcase classname="backend.tests.test_iteration7.TestChambres" name="test_chambre_exists[Chambre Urgence]" time="0.000" /><testcase classname="backend.tests.test_iteration7.TestChambres" name="test_chambre_history_futures[Chambre Chronique]" time="0.059" /><testcase classname="backend.tests.test_iteration7.TestChambres" name="test_chambre_history_futures[Chambre SAS]" time="0.056" /><testcase classname="backend.tests.test_iteration7.TestChambres" name="test_chambre_history_futures[Chambre Urgence]" time="0.057" /><testcase classname="backend.tests.test_iteration7.TestChambres" name="test_chambre_chronique_many_futures" time="0.057" /></testsuite></testsuites>