<?xml version="1.0" encoding="utf-8"?><testsuites name="pytest tests"><testsuite name="pytest" errors="0" failures="0" skipped="0" tests="2" time="1.910" timestamp="2026-07-14T09:21:40.163485+00:00" hostname="agent-env-caf98784-e109-4693-814c-85141a4ad5c3"><testcase classname="backend.tests.test_reforme.TestReforme" name="test_full_flow" time="1.754" /><testcase classname="backend.tests.test_reforme.TestReforme" name="test_status_reforme_accepted_and_listed" time="0.103" /></testsuite></testsuites>