<?xml version="1.0" encoding="utf-8"?><testsuites name="pytest tests"><testsuite name="pytest" errors="0" failures="0" skipped="0" tests="9" time="3.900" timestamp="2026-07-18T20:42:55.715477+00:00" hostname="agent-env-caf98784-e109-4693-814c-85141a4ad5c3"><testcase classname="backend.tests.test_admin_requests.TestAdminRequestsEndpoint" name="test_requires_admin" time="0.203" /><testcase classname="backend.tests.test_admin_requests.TestAdminRequestsEndpoint" name="test_admin_can_access" time="0.519" /><testcase classname="backend.tests.test_admin_requests.TestAdminRequestsEndpoint" name="test_non_admin_forbidden" time="0.513" /><testcase classname="backend.tests.test_admin_requests.TestRegisterApproveFlow" name="test_register_creates_pending_user" time="0.435" /><testcase classname="backend.tests.test_admin_requests.TestRegisterApproveFlow" name="test_approve_removes_from_list" time="0.445" /><testcase classname="backend.tests.test_admin_requests.TestRegisterApproveFlow" name="test_cleanup_created_user" time="0.111" /><testcase classname="backend.tests.test_admin_requests.TestPasswordResetFlow" name="test_forgot_password_creates_request" time="0.452" /><testcase classname="backend.tests.test_admin_requests.TestPasswordResetFlow" name="test_send_temp_password" time="0.727" /><testcase classname="backend.tests.test_admin_requests.TestPasswordResetFlow" name="test_cleanup_reset_tech_password" time="0.439" /></testsuite></testsuites>