<?xml version="1.0" encoding="utf-8"?><testsuites name="pytest tests"><testsuite name="pytest" errors="0" failures="0" skipped="0" tests="5" time="1.720" timestamp="2026-07-14T10:26:39.533750+00:00" hostname="agent-env-caf98784-e109-4693-814c-85141a4ad5c3"><testcase classname="backend.tests.test_reforme_date_motif.TestReformeDateMotif" name="test_put_reforme_persists_date_and_motif" time="1.252" /><testcase classname="backend.tests.test_reforme_date_motif.TestExtincteurs" name="test_four_individual_extincteurs_exist" time="0.000" /><testcase classname="backend.tests.test_reforme_date_motif.TestExtincteurs" name="test_old_parc_removed" time="0.000" /><testcase classname="backend.tests.test_reforme_date_motif.TestExtincteurs" name="test_total_equipments_around_19" time="0.000" /><testcase classname="backend.tests.test_reforme_date_motif.TestExtincteurs" name="test_each_extincteur_has_history" time="0.413" /></testsuite></testsuites>