<?xml version="1.0" encoding="utf-8"?><testsuites name="pytest tests"><testsuite name="pytest" errors="0" failures="0" skipped="0" tests="9" time="1.641" timestamp="2026-07-14T08:57:35.159582+00:00" hostname="agent-env-caf98784-e109-4693-814c-85141a4ad5c3"><testcase classname="backend.tests.test_iteration8.TestTask1EquipmentsAndLinks" name="test_equipments_list_contains_extincteurs_and_ari" time="0.491" /><testcase classname="backend.tests.test_iteration8.TestTask1EquipmentsAndLinks" name="test_equipments_count_around_16" time="0.000" /><testcase classname="backend.tests.test_iteration8.TestTask1EquipmentsAndLinks" name="test_all_work_orders_have_equipment_id" time="0.134" /><testcase classname="backend.tests.test_iteration8.TestTask1EquipmentsAndLinks" name="test_extincteurs_has_upcoming_maintenances" time="0.106" /><testcase classname="backend.tests.test_iteration8.TestTask1EquipmentsAndLinks" name="test_ari_has_upcoming_maintenances" time="0.110" /><testcase classname="backend.tests.test_iteration8.TestTask2EquipmentDocuments" name="test_upload_and_delete_pdf" time="0.226" /><testcase classname="backend.tests.test_iteration8.TestTask3PlanningFilter" name="test_events_filter_by_equipment" time="0.248" /><testcase classname="backend.tests.test_iteration8.TestTask3PlanningFilter" name="test_summary_filter_by_equipment" time="0.112" /><testcase classname="backend.tests.test_iteration8.TestTask4EquipmentPDFExport" name="test_download_equipment_pdf" time="0.156" /></testsuite></testsuites>