<?xml version="1.0" encoding="utf-8"?><testsuites name="pytest tests"><testsuite name="pytest" errors="0" failures="0" skipped="1" tests="9" time="1.663" timestamp="2026-07-14T07:32:36.110525+00:00" hostname="agent-env-caf98784-e109-4693-814c-85141a4ad5c3"><testcase classname="backend.tests.test_maintenance_history" name="test_equipments_list_not_empty" time="0.594" /><testcase classname="backend.tests.test_maintenance_history" name="test_history_bauer01" time="0.107" /><testcase classname="backend.tests.test_maintenance_history" name="test_history_generic_equipment" time="0.147" /><testcase classname="backend.tests.test_maintenance_history" name="test_history_equipment_not_found" time="0.108" /><testcase classname="backend.tests.test_maintenance_history" name="test_subequipment_history" time="0.132"><skipped type="pytest.skip" message="No subequipments in DB">/app/backend/tests/test_maintenance_history.py:73: No subequipments in DB</skipped></testcase><testcase classname="backend.tests.test_maintenance_history" name="test_subequipment_history_invalid_id" time="0.101" /><testcase classname="backend.tests.test_maintenance_history" name="test_equipment_detail_regression" time="0.134" /><testcase classname="backend.tests.test_maintenance_history" name="test_dashboard_regression" time="0.132" /><testcase classname="backend.tests.test_maintenance_history" name="test_planning_regression" time="0.137" /></testsuite></testsuites>