<?xml version="1.0" encoding="utf-8"?><testsuites name="pytest tests"><testsuite name="pytest" errors="0" failures="0" skipped="0" tests="11" time="1.666" timestamp="2026-07-14T06:57:12.805142+00:00" hostname="agent-env-caf98784-e109-4693-814c-85141a4ad5c3"><testcase classname="backend.tests.test_planning.TestPlanningEndpoints" name="test_events_range" time="0.610" /><testcase classname="backend.tests.test_planning.TestPlanningEndpoints" name="test_events_invalid_date" time="0.066" /><testcase classname="backend.tests.test_planning.TestPlanningEndpoints" name="test_summary_year" time="0.120" /><testcase classname="backend.tests.test_planning.TestPlanningEndpoints" name="test_reschedule_invalid_type" time="0.045" /><testcase classname="backend.tests.test_planning.TestPlanningEndpoints" name="test_reschedule_invalid_date" time="0.041" /><testcase classname="backend.tests.test_planning.TestPlanningEndpoints" name="test_reschedule_not_found" time="0.088" /><testcase classname="backend.tests.test_planning.TestRescheduleWorkOrder" name="test_reschedule_persists" time="0.271" /><testcase classname="backend.tests.test_planning.TestCompleteWorkOrder" name="test_complete_generates_next" time="0.184" /><testcase classname="backend.tests.test_planning.TestCompleteWorkOrder" name="test_complete_not_found" time="0.083" /><testcase classname="backend.tests.test_planning.TestRegression" name="test_work_orders_list" time="0.049" /><testcase classname="backend.tests.test_planning.TestRegression" name="test_dashboard_stats" time="0.046" /></testsuite></testsuites>