<?xml version="1.0" encoding="utf-8"?><testsuites name="pytest tests"><testsuite name="pytest" errors="0" failures="0" skipped="0" tests="5" time="8.515" timestamp="2026-02-12T18:43:25.853507+00:00" hostname="agent-env-7245de0f-eb7a-4ee2-ab2b-5857fa6bf561"><testcase classname="backend.tests.test_password_change.TestPasswordChange" name="test_change_password_wrong_current_password" time="1.346" /><testcase classname="backend.tests.test_password_change.TestPasswordChange" name="test_change_password_success" time="2.159" /><testcase classname="backend.tests.test_password_change.TestPasswordChange" name="test_change_password_short_password" time="1.238" /><testcase classname="backend.tests.test_password_change.TestPasswordChange" name="test_change_password_without_auth" time="1.012" /><testcase classname="backend.tests.test_password_change.TestPasswordChange" name="test_login_after_password_change" time="2.696" /></testsuite></testsuites>