<?xml version="1.0" encoding="utf-8"?><testsuites name="pytest tests"><testsuite name="pytest" errors="0" failures="0" skipped="0" tests="7" time="1.508" timestamp="2026-07-14T07:48:43.927670+00:00" hostname="agent-env-caf98784-e109-4693-814c-85141a4ad5c3"><testcase classname="backend.tests.test_global_search" name="test_search_short_query" time="0.496" /><testcase classname="backend.tests.test_global_search" name="test_search_bauer" time="0.100" /><testcase classname="backend.tests.test_global_search" name="test_search_manom" time="0.141" /><testcase classname="backend.tests.test_global_search" name="test_search_compresseur_type" time="0.114" /><testcase classname="backend.tests.test_global_search" name="test_search_hublot" time="0.127" /><testcase classname="backend.tests.test_global_search" name="test_search_requires_auth" time="0.106" /><testcase classname="backend.tests.test_global_search" name="test_dashboard_regression" time="0.369" /></testsuite></testsuites>