<?xml version="1.0" encoding="utf-8"?><testsuites name="pytest tests"><testsuite name="pytest" errors="0" failures="1" skipped="0" tests="10" time="25.670" timestamp="2026-07-14T06:44:46.490243+00:00" hostname="agent-env-caf98784-e109-4693-814c-85141a4ad5c3"><testcase classname="backend.tests.test_maintenance_import" name="test_work_orders_preventive_count" time="0.642" /><testcase classname="backend.tests.test_maintenance_import" name="test_controls_count" time="19.773" /><testcase classname="backend.tests.test_maintenance_import" name="test_dashboard_stats" time="0.178" /><testcase classname="backend.tests.test_maintenance_import" name="test_dashboard_alerts" time="3.225" /><testcase classname="backend.tests.test_maintenance_import" name="test_dashboard_upcoming" time="1.115" /><testcase classname="backend.tests.test_maintenance_import" name="test_dashboard_calendar" time="0.163" /><testcase classname="backend.tests.test_maintenance_import" name="test_equipments" time="0.105" /><testcase classname="backend.tests.test_maintenance_import" name="test_gas_bottles" time="0.096"><failure message="assert 404 == 200&#10; +  where 404 = &lt;Response [404]&gt;.status_code">backend/tests/test_maintenance_import.py:78: in test_gas_bottles
    assert r.status_code == 200
E   assert 404 == 200
E    +  where 404 = &lt;Response [404]&gt;.status_code</failure></testcase><testcase classname="backend.tests.test_maintenance_import" name="test_stock" time="0.101" /><testcase classname="backend.tests.test_maintenance_import" name="test_budget" time="0.191" /></testsuite></testsuites>