<?xml version="1.0" encoding="utf-8"?><testsuites name="pytest tests"><testsuite name="pytest" errors="0" failures="0" skipped="0" tests="2" time="1.634" timestamp="2026-07-18T08:22:07.218386+00:00" hostname="agent-env-caf98784-e109-4693-814c-85141a4ad5c3"><testcase classname="backend.tests.test_spare_parts_update" name="test_create_update_spare_part_equipment_type" time="1.232" /><testcase classname="backend.tests.test_spare_parts_update" name="test_update_only_stock" time="0.350" /></testsuite></testsuites>